<?xml version="1.0" encoding="UTF-8" ?>
<testsuite tests="99" failures="1" name="TestSuite" time="0.539" errors="0" skipped="98">
  <properties>
    <property name="idea.version" value="2018.3.5"/>
    <property name="java.runtime.name" value="Java(TM) SE Runtime Environment"/>
    <property name="sun.boot.library.path" value="/Library/Java/JavaVirtualMachines/jdk1.8.0_131.jdk/Contents/Home/jre/lib"/>
    <property name="java.vm.version" value="25.131-b11"/>
    <property name="gopherProxySet" value="false"/>
    <property name="java.vm.vendor" value="Oracle Corporation"/>
    <property name="maven.multiModuleProjectDirectory" value="/Users/amir/Desktop/AutomationProjectGroup2/Amazon"/>
    <property name="java.vendor.url" value="http://java.oracle.com/"/>
    <property name="path.separator" value=":"/>
    <property name="guice.disable.misplaced.annotation.check" value="true"/>
    <property name="java.vm.name" value="Java HotSpot(TM) 64-Bit Server VM"/>
    <property name="file.encoding.pkg" value="sun.io"/>
    <property name="user.country" value="US"/>
    <property name="sun.java.launcher" value="SUN_STANDARD"/>
    <property name="sun.os.patch.level" value="unknown"/>
    <property name="java.vm.specification.name" value="Java Virtual Machine Specification"/>
    <property name="user.dir" value="/Users/amir/Desktop/AutomationProjectGroup2/Amazon"/>
    <property name="java.runtime.version" value="1.8.0_131-b11"/>
    <property name="java.awt.graphicsenv" value="sun.awt.CGraphicsEnvironment"/>
    <property name="java.endorsed.dirs" value="/Library/Java/JavaVirtualMachines/jdk1.8.0_131.jdk/Contents/Home/jre/lib/endorsed"/>
    <property name="os.arch" value="x86_64"/>
    <property name="java.io.tmpdir" value="/var/folders/4t/056t6gvd665brq78q_xtd4ww0000gn/T/"/>
    <property name="line.separator" value="
"/>
    <property name="java.vm.specification.vendor" value="Oracle Corporation"/>
    <property name="os.name" value="Mac OS X"/>
    <property name="classworlds.conf" value="/Applications/IntelliJ IDEA CE.app/Contents/plugins/maven/lib/maven3/bin/m2.conf"/>
    <property name="sun.jnu.encoding" value="UTF-8"/>
    <property name="java.library.path" value="/Users/amir/Library/Java/Extensions:/Library/Java/Extensions:/Network/Library/Java/Extensions:/System/Library/Java/Extensions:/usr/lib/java:."/>
    <property name="java.specification.name" value="Java Platform API Specification"/>
    <property name="java.class.version" value="52.0"/>
    <property name="sun.management.compiler" value="HotSpot 64-Bit Tiered Compilers"/>
    <property name="os.version" value="10.14.1"/>
    <property name="http.nonProxyHosts" value="local|*.local|169.254/16|*.169.254/16"/>
    <property name="user.home" value="/Users/amir"/>
    <property name="user.timezone" value="America/New_York"/>
    <property name="java.awt.printerjob" value="sun.lwawt.macosx.CPrinterJob"/>
    <property name="java.specification.version" value="1.8"/>
    <property name="file.encoding" value="UTF-8"/>
    <property name="user.name" value="amir"/>
    <property name="java.class.path" value="/Applications/IntelliJ IDEA CE.app/Contents/plugins/maven/lib/maven3/boot/plexus-classworlds-2.5.2.jar:/Applications/IntelliJ IDEA CE.app/Contents/lib/idea_rt.jar"/>
    <property name="java.vm.specification.version" value="1.8"/>
    <property name="sun.arch.data.model" value="64"/>
    <property name="java.home" value="/Library/Java/JavaVirtualMachines/jdk1.8.0_131.jdk/Contents/Home/jre"/>
    <property name="sun.java.command" value="org.codehaus.classworlds.Launcher -Didea.version=2018.3.5 test"/>
    <property name="java.specification.vendor" value="Oracle Corporation"/>
    <property name="user.language" value="en"/>
    <property name="awt.toolkit" value="sun.lwawt.macosx.LWCToolkit"/>
    <property name="java.vm.info" value="mixed mode"/>
    <property name="java.version" value="1.8.0_131"/>
    <property name="java.ext.dirs" value="/Users/amir/Library/Java/Extensions:/Library/Java/JavaVirtualMachines/jdk1.8.0_131.jdk/Contents/Home/jre/lib/ext:/Library/Java/Extensions:/Network/Library/Java/Extensions:/System/Library/Java/Extensions:/usr/lib/java"/>
    <property name="sun.boot.class.path" value="/Library/Java/JavaVirtualMachines/jdk1.8.0_131.jdk/Contents/Home/jre/lib/resources.jar:/Library/Java/JavaVirtualMachines/jdk1.8.0_131.jdk/Contents/Home/jre/lib/rt.jar:/Library/Java/JavaVirtualMachines/jdk1.8.0_131.jdk/Contents/Home/jre/lib/sunrsasign.jar:/Library/Java/JavaVirtualMachines/jdk1.8.0_131.jdk/Contents/Home/jre/lib/jsse.jar:/Library/Java/JavaVirtualMachines/jdk1.8.0_131.jdk/Contents/Home/jre/lib/jce.jar:/Library/Java/JavaVirtualMachines/jdk1.8.0_131.jdk/Contents/Home/jre/lib/charsets.jar:/Library/Java/JavaVirtualMachines/jdk1.8.0_131.jdk/Contents/Home/jre/lib/jfr.jar:/Library/Java/JavaVirtualMachines/jdk1.8.0_131.jdk/Contents/Home/jre/classes"/>
    <property name="java.vendor" value="Oracle Corporation"/>
    <property name="maven.home" value="/Applications/IntelliJ IDEA CE.app/Contents/plugins/maven/lib/maven3"/>
    <property name="file.separator" value="/"/>
    <property name="java.vendor.url.bug" value="http://bugreport.sun.com/bugreport/"/>
    <property name="sun.cpu.endian" value="little"/>
    <property name="sun.io.unicode.encoding" value="UnicodeBig"/>
    <property name="socksNonProxyHosts" value="local|*.local|169.254/16|*.169.254/16"/>
    <property name="ftp.nonProxyHosts" value="local|*.local|169.254/16|*.169.254/16"/>
    <property name="sun.cpu.isalist" value=""/>
  </properties>
  <testcase classname="TestAmazonFreshPage" name="initialize" time="0.253">
    <failure type="java.lang.NullPointerException">java.lang.NullPointerException
	at TestAmazonFreshPage.initialize(TestAmazonFreshPage.java:19)
</failure>
    <system-out>Configuring TestNG with: org.apache.maven.surefire.testng.conf.TestNG652Configurator@69222c14
</system-out>
  </testcase>
  <testcase classname="TestAmazonFreshPage" name="setUp" time="0.255">
    <skipped/>
  </testcase>
  <testcase classname="TestAmazonFreshPage" name="testUserCanNavigateToAmazonFreshPage" time="0.001">
    <skipped/>
  </testcase>
  <testcase classname="TestAmazonFreshPage" name="cleanUp" time="0.001">
    <skipped/>
  </testcase>
  <testcase classname="TestCreateAccountPage" name="initialize" time="0.001">
    <skipped/>
  </testcase>
  <testcase classname="TestCreateAccountPage" name="setUp" time="0.001">
    <skipped/>
  </testcase>
  <testcase classname="TestCreateAccountPage" name="EnterYourEmailOnly" time="0">
    <skipped/>
  </testcase>
  <testcase classname="TestCreateAccountPage" name="cleanUp" time="0">
    <skipped/>
  </testcase>
  <testcase classname="TestCreateAccountPage" name="setUp" time="0">
    <skipped/>
  </testcase>
  <testcase classname="TestCreateAccountPage" name="EnterYourNameAndEmail" time="0">
    <skipped/>
  </testcase>
  <testcase classname="TestCreateAccountPage" name="cleanUp" time="0.001">
    <skipped/>
  </testcase>
  <testcase classname="TestCreateAccountPage" name="setUp" time="0.001">
    <skipped/>
  </testcase>
  <testcase classname="TestCreateAccountPage" name="EnterYourNameEmailPassword" time="0">
    <skipped/>
  </testcase>
  <testcase classname="TestCreateAccountPage" name="cleanUp" time="0.001">
    <skipped/>
  </testcase>
  <testcase classname="TestCreateAccountPage" name="setUp" time="0.001">
    <skipped/>
  </testcase>
  <testcase classname="TestCreateAccountPage" name="EnterYourNameOnly" time="0">
    <skipped/>
  </testcase>
  <testcase classname="TestCreateAccountPage" name="cleanUp" time="0">
    <skipped/>
  </testcase>
  <testcase classname="TestCreateAccountPage" name="setUp" time="0.001">
    <skipped/>
  </testcase>
  <testcase classname="TestCreateAccountPage" name="SuccessfulLogin" time="0">
    <skipped/>
  </testcase>
  <testcase classname="TestCreateAccountPage" name="cleanUp" time="0">
    <skipped/>
  </testcase>
  <testcase classname="TestCreateAccountPage" name="setUp" time="0">
    <skipped/>
  </testcase>
  <testcase classname="TestCreateAccountPage" name="testUserCanNavigateToCreateAccountPage" time="0.001">
    <skipped/>
  </testcase>
  <testcase classname="TestCreateAccountPage" name="cleanUp" time="0.001">
    <skipped/>
  </testcase>
  <testcase classname="TestHomepage" name="initialize" time="0.001">
    <skipped/>
  </testcase>
  <testcase classname="TestHomepage" name="setUp" time="0.001">
    <skipped/>
  </testcase>
  <testcase classname="TestHomepage" name="TestCartButton" time="0">
    <skipped/>
  </testcase>
  <testcase classname="TestHomepage" name="cleanUp" time="0">
    <skipped/>
  </testcase>
  <testcase classname="TestHomepage" name="setUp" time="0.001">
    <skipped/>
  </testcase>
  <testcase classname="TestHomepage" name="TestMenuButton" time="0">
    <skipped/>
  </testcase>
  <testcase classname="TestHomepage" name="cleanUp" time="0">
    <skipped/>
  </testcase>
  <testcase classname="TestHomepage" name="setUp" time="0">
    <skipped/>
  </testcase>
  <testcase classname="TestHomepage" name="TestSearchButton" time="0">
    <skipped/>
  </testcase>
  <testcase classname="TestHomepage" name="cleanUp" time="0">
    <skipped/>
  </testcase>
  <testcase classname="TestHomepage" name="setUp" time="0.001">
    <skipped/>
  </testcase>
  <testcase classname="TestHomepage" name="TestTodaysDealButton" time="0">
    <skipped/>
  </testcase>
  <testcase classname="TestHomepage" name="cleanUp" time="0">
    <skipped/>
  </testcase>
  <testcase classname="TestHomepage" name="setUp" time="0.001">
    <skipped/>
  </testcase>
  <testcase classname="TestHomepage" name="TestTryPrimeButton" time="0">
    <skipped/>
  </testcase>
  <testcase classname="TestHomepage" name="cleanUp" time="0">
    <skipped/>
  </testcase>
  <testcase classname="TestHomepage" name="setUp" time="0">
    <skipped/>
  </testcase>
  <testcase classname="TestHomepage" name="TestYourAmazonButton" time="0">
    <skipped/>
  </testcase>
  <testcase classname="TestHomepage" name="cleanUp" time="0.001">
    <skipped/>
  </testcase>
  <testcase classname="TestHomepage" name="setUp" time="0.001">
    <skipped/>
  </testcase>
  <testcase classname="TestHomepage" name="TestordersButton" time="0">
    <skipped/>
  </testcase>
  <testcase classname="TestHomepage" name="cleanUp" time="0">
    <skipped/>
  </testcase>
  <testcase classname="TestHomepage" name="setUp" time="0">
    <skipped/>
  </testcase>
  <testcase classname="TestHomepage" name="selectsteps" time="0">
    <skipped/>
  </testcase>
  <testcase classname="TestHomepage" name="cleanUp" time="0.001">
    <skipped/>
  </testcase>
  <testcase classname="TestHomepage" name="setUp" time="0.001">
    <skipped/>
  </testcase>
  <testcase classname="TestHomepage" name="testSearchBar" time="0">
    <skipped/>
  </testcase>
  <testcase classname="TestHomepage" name="cleanUp" time="0">
    <skipped/>
  </testcase>
  <testcase classname="TestHomepage" name="setUp" time="0">
    <skipped/>
  </testcase>
  <testcase classname="TestHomepage" name="testUserCanNavigateToHomePage" time="0">
    <skipped/>
  </testcase>
  <testcase classname="TestHomepage" name="cleanUp" time="0.001">
    <skipped/>
  </testcase>
  <testcase classname="TestLoginPage" name="initialize" time="0.001">
    <skipped/>
  </testcase>
  <testcase classname="TestLoginPage" name="setUp" time="0.001">
    <skipped/>
  </testcase>
  <testcase classname="TestLoginPage" name="NavigateCreateAccount" time="0">
    <skipped/>
  </testcase>
  <testcase classname="TestLoginPage" name="setUp" time="0">
    <skipped/>
  </testcase>
  <testcase classname="TestLoginPage" name="NoCredentialLogin" time="0.001">
    <skipped/>
  </testcase>
  <testcase classname="TestLoginPage" name="setUp" time="0.001">
    <skipped/>
  </testcase>
  <testcase classname="TestLoginPage" name="NoEmailLogin" time="0">
    <skipped/>
  </testcase>
  <testcase classname="TestLoginPage" name="setUp" time="0">
    <skipped/>
  </testcase>
  <testcase classname="TestLoginPage" name="NoPasswordLogin" time="0">
    <skipped/>
  </testcase>
  <testcase classname="TestLoginPage" name="setUp" time="0.002">
    <skipped/>
  </testcase>
  <testcase classname="TestLoginPage" name="SuccessfulLogin" time="0">
    <skipped/>
  </testcase>
  <testcase classname="TestLoginPage" name="cleanUp" time="0">
    <skipped/>
  </testcase>
  <testcase classname="TestAmazonFreshPage" name="setUp" time="0">
    <skipped/>
  </testcase>
  <testcase classname="TestAmazonFreshPage" name="testUserCanNavigateToDairyTab" time="0">
    <skipped/>
  </testcase>
  <testcase classname="TestAmazonFreshPage" name="cleanUp" time="0">
    <skipped/>
  </testcase>
  <testcase classname="TestAmazonFreshPage" name="setUp" time="0.001">
    <skipped/>
  </testcase>
  <testcase classname="TestAmazonFreshPage" name="testUserCanNavigateToDeliTab" time="0">
    <skipped/>
  </testcase>
  <testcase classname="TestAmazonFreshPage" name="cleanUp" time="0">
    <skipped/>
  </testcase>
  <testcase classname="TestAmazonFreshPage" name="setUp" time="0">
    <skipped/>
  </testcase>
  <testcase classname="TestAmazonFreshPage" name="testUserCanNavigateToBakeryTab" time="0">
    <skipped/>
  </testcase>
  <testcase classname="TestAmazonFreshPage" name="cleanUp" time="0">
    <skipped/>
  </testcase>
  <testcase classname="TestAmazonFreshPage" name="setUp" time="0.001">
    <skipped/>
  </testcase>
  <testcase classname="TestAmazonFreshPage" name="testUserCanNavigateToFreshFruitTab" time="0">
    <skipped/>
  </testcase>
  <testcase classname="TestAmazonFreshPage" name="cleanUp" time="0">
    <skipped/>
  </testcase>
  <testcase classname="TestAmazonFreshPage" name="setUp" time="0">
    <skipped/>
  </testcase>
  <testcase classname="TestAmazonFreshPage" name="testUserCanNavigateToContactFreshTab" time="0">
    <skipped/>
  </testcase>
  <testcase classname="TestAmazonFreshPage" name="cleanUp" time="0">
    <skipped/>
  </testcase>
  <testcase classname="TestAmazonFreshPage" name="setUp" time="0">
    <skipped/>
  </testcase>
  <testcase classname="TestAmazonFreshPage" name="testUserCanNavigateToPastPurchasesButton" time="0">
    <skipped/>
  </testcase>
  <testcase classname="TestAmazonFreshPage" name="cleanUp" time="0">
    <skipped/>
  </testcase>
  <testcase classname="TestAmazonFreshPage" name="setUp" time="0">
    <skipped/>
  </testcase>
  <testcase classname="TestAmazonFreshPage" name="testUserCanNavigateToFreshDealsButton" time="0">
    <skipped/>
  </testcase>
  <testcase classname="TestAmazonFreshPage" name="cleanUp" time="0">
    <skipped/>
  </testcase>
  <testcase classname="TestAmazonFreshPage" name="setUp" time="0.001">
    <skipped/>
  </testcase>
  <testcase classname="TestAmazonFreshPage" name="testUserCanNavigateToGroceriesButton" time="0">
    <skipped/>
  </testcase>
  <testcase classname="TestAmazonFreshPage" name="cleanUp" time="0">
    <skipped/>
  </testcase>
  <testcase classname="TestAmazonFreshPage" name="setUp" time="0">
    <skipped/>
  </testcase>
  <testcase classname="TestAmazonFreshPage" name="testUserCanNavigateToBeveragesTab" time="0">
    <skipped/>
  </testcase>
  <testcase classname="TestAmazonFreshPage" name="cleanUp" time="0">
    <skipped/>
  </testcase>
  <testcase classname="TestAmazonFreshPage" name="setUp" time="0.001">
    <skipped/>
  </testcase>
  <testcase classname="TestAmazonFreshPage" name="testUserCanNavigateToHouseholdHealthBeautyTab" time="0">
    <skipped/>
  </testcase>
  <testcase classname="TestAmazonFreshPage" name="cleanUp" time="0">
    <skipped/>
  </testcase>
  <testcase classname="TestAmazonFreshPage" name="setUp" time="0">
    <skipped/>
  </testcase>
  <testcase classname="TestAmazonFreshPage" name="testUserCanNavigateToLocalMarketTab" time="0">
    <skipped/>
  </testcase>
  <testcase classname="TestAmazonFreshPage" name="cleanUp" time="0">
    <skipped/>
  </testcase>
</testsuite>