<?xml version="1.0" encoding="UTF-8"?>
<!-- Generated by org.testng.reporters.JUnitReportReporter -->
<testsuite hostname="Mohammads-MacBook-Pro-4.local" name="TestHomepage" tests="5" failures="0" timestamp="23 Mar 2019 20:46:27 GMT" time="6.503" errors="0">
  <testcase name="TestCartButton" time="1.899" classname="TestHomepage"/>
  <testcase name="testSearchBar" time="0.976" classname="TestHomepage"/>
  <testcase name="testUserCanNavigateToHomePage" time="0.613" classname="TestHomepage"/>
  <testcase name="TestSearchButton" time="1.093" classname="TestHomepage"/>
  <testcase name="TestYourAmazonButton" time="1.922" classname="TestHomepage"/>
</testsuite> <!-- TestHomepage -->
